<?xml version="1.0" encoding="UTF-8"?>
<robot generator="Robot 5.0 (Python 3.10.4 on win32)" generated="20220512 19:48:45.411" rpa="false" schemaversion="3">
<suite id="s1" name="Robotfw" source="C:\Users\These\Desktop\robotfw">
<suite id="s1-s1" name="Test" source="C:\Users\These\Desktop\robotfw\test">
<suite id="s1-s1-s1" name="File" source="C:\Users\These\Desktop\robotfw\test\file.robot">
<test id="s1-s1-s1-t1" name=" Test file Site" line="10">
<kw name="Open Browser" library="SeleniumLibrary">
<arg>https://www.google.com/</arg>
<arg>chrome</arg>
<doc>Opens a new browser instance to the optional ``url``.</doc>
<msg timestamp="20220512 19:48:45.719" level="INFO">Opening browser 'chrome' to base url 'https://www.google.com/'.</msg>
<status status="PASS" starttime="20220512 19:48:45.718" endtime="20220512 19:48:48.036"/>
</kw>
<kw name="Click Element" library="SeleniumLibrary">
<arg>css:input[aria-label='Me siento con suerte ']</arg>
<doc>Click the element identified by ``locator``.</doc>
<msg timestamp="20220512 19:48:48.039" level="INFO">Clicking element 'css:input[aria-label='Me siento con suerte ']'.</msg>
<msg timestamp="20220512 19:48:48.253" level="INFO" html="true">&lt;/td&gt;&lt;/tr&gt;&lt;tr&gt;&lt;td colspan="3"&gt;&lt;a href="selenium-screenshot-4.png"&gt;&lt;img src="selenium-screenshot-4.png" width="800px"&gt;&lt;/a&gt;</msg>
<msg timestamp="20220512 19:48:48.254" level="FAIL">ElementNotInteractableException: Message: element not interactable
  (Session info: chrome=101.0.4951.67)
Stacktrace:
Backtrace:
	Ordinal0 [0x011FB8F3+2406643]
	Ordinal0 [0x0118AF31+1945393]
	Ordinal0 [0x0107C610+837136]
	Ordinal0 [0x010AA2D3+1024723]
	Ordinal0 [0x010A0083+983171]
	Ordinal0 [0x010C427C+1131132]
	Ordinal0 [0x0109FA64+981604]
	Ordinal0 [0x010C4494+1131668]
	Ordinal0 [0x010D4682+1197698]
	Ordinal0 [0x010C4096+1130646]
	Ordinal0 [0x0109E636+976438]
	Ordinal0 [0x0109F546+980294]
	GetHandleVerifier [0x01469612+2498066]
	GetHandleVerifier [0x0145C920+2445600]
	GetHandleVerifier [0x01294F2A+579370]
	GetHandleVerifier [0x01293D36+574774]
	Ordinal0 [0x01191C0B+1973259]
	Ordinal0 [0x01196688+1992328]
	Ordinal0 [0x01196775+1992565]
	Ordinal0 [0x0119F8D1+2029777]
	BaseThreadInitThunk [0x7798FA29+25]
	RtlGetAppContainerNamedObjectPath [0x77D47A7E+286]
	RtlGetAppContainerNamedObjectPath [0x77D47A4E+238]
</msg>
<status status="FAIL" starttime="20220512 19:48:48.038" endtime="20220512 19:48:48.259"/>
</kw>
<doc>Test1- Open google in browser</doc>
<tag>Smoke</tag>
<status status="FAIL" starttime="20220512 19:48:45.717" endtime="20220512 19:48:48.263">ElementNotInteractableException: Message: element not interactable
  (Session info: chrome=101.0.4951.67)
Stacktrace:
Backtrace:
	Ordinal0 [0x011FB8F3+2406643]
	Ordinal0 [0x0118AF31+1945393]
	Ordinal0 [0x0107C610+837136]
	Ordinal0 [0x010AA2D3+1024723]
	Ordinal0 [0x010A0083+983171]
	Ordinal0 [0x010C427C+1131132]
	Ordinal0 [0x0109FA64+981604]
	Ordinal0 [0x010C4494+1131668]
	Ordinal0 [0x010D4682+1197698]
	Ordinal0 [0x010C4096+1130646]
	Ordinal0 [0x0109E636+976438]
	Ordinal0 [0x0109F546+980294]
	GetHandleVerifier [0x01469612+2498066]
	GetHandleVerifier [0x0145C920+2445600]
	GetHandleVerifier [0x01294F2A+579370]
	GetHandleVerifier [0x01293D36+574774]
	Ordinal0 [0x01191C0B+1973259]
	Ordinal0 [0x01196688+1992328]
	Ordinal0 [0x01196775+1992565]
	Ordinal0 [0x0119F8D1+2029777]
	BaseThreadInitThunk [0x7798FA29+25]
	RtlGetAppContainerNamedObjectPath [0x77D47A7E+286]
	RtlGetAppContainerNamedObjectPath [0x77D47A4E+238]
</status>
</test>
<doc>This is test script</doc>
<status status="FAIL" starttime="20220512 19:48:45.444" endtime="20220512 19:48:48.274"/>
</suite>
<status status="FAIL" starttime="20220512 19:48:45.439" endtime="20220512 19:48:48.281"/>
</suite>
<status status="FAIL" starttime="20220512 19:48:45.413" endtime="20220512 19:48:48.286"/>
</suite>
<statistics>
<total>
<stat pass="0" fail="1" skip="0">All Tests</stat>
</total>
<tag>
<stat pass="0" fail="1" skip="0">Smoke</stat>
</tag>
<suite>
<stat pass="0" fail="1" skip="0" id="s1" name="Robotfw">Robotfw</stat>
<stat pass="0" fail="1" skip="0" id="s1-s1" name="Test">Robotfw.Test</stat>
<stat pass="0" fail="1" skip="0" id="s1-s1-s1" name="File">Robotfw.Test.File</stat>
</suite>
</statistics>
<errors>
</errors>
</robot>
