<?xml version="1.0" encoding="UTF-8"?>
<robot generator="Robot 5.0 (Python 3.10.4 on win32)" generated="20220516 21:06:27.915" rpa="false" schemaversion="3">
<suite id="s1" name="robotFramework" source="C:\Users\Gaston\Desktop\robot\robotFramework">
<suite id="s1-s1" name="Test" source="C:\Users\Gaston\Desktop\robot\robotFramework\test">
<suite id="s1-s1-s1" name="File" source="C:\Users\Gaston\Desktop\robot\robotFramework\test\file.robot">
<test id="s1-s1-s1-t1" name=" Test file Site" line="12">
<kw name="Open Browser" library="SeleniumLibrary">
<arg>https://configuraciones.antel.com.uy/</arg>
<arg>chrome</arg>
<doc>Opens a new browser instance to the optional ``url``.</doc>
<msg timestamp="20220516 21:06:28.154" level="INFO">Opening browser 'chrome' to base url 'https://configuraciones.antel.com.uy/'.</msg>
<status status="PASS" starttime="20220516 21:06:28.153" endtime="20220516 21:06:30.372"/>
</kw>
<kw name="Click Link" library="SeleniumLibrary">
<arg>${MARCA_APPLE}</arg>
<doc>Clicks a link identified by ``locator``.</doc>
<msg timestamp="20220516 21:06:30.372" level="INFO">Clicking link 'css:a[href='/marca/Apple']'.</msg>
<status status="PASS" starttime="20220516 21:06:30.372" endtime="20220516 21:06:31.164"/>
</kw>
<kw name="Click Element" library="SeleniumLibrary">
<arg>${IPHONE_13}</arg>
<doc>Click the element identified by ``locator``.</doc>
<msg timestamp="20220516 21:06:31.165" level="INFO">Clicking element 'css:a[href='/marca/Apple/modelo/iPhone+13+Pro+Max+%28256GB%29']'.</msg>
<status status="PASS" starttime="20220516 21:06:31.164" endtime="20220516 21:06:32.120"/>
</kw>
<kw name="Click Element" library="SeleniumLibrary">
<arg>${CONF_INTERNET}</arg>
<doc>Click the element identified by ``locator``.</doc>
<msg timestamp="20220516 21:06:32.121" level="INFO">Clicking element 'css:div#celda5'.</msg>
<status status="PASS" starttime="20220516 21:06:32.120" endtime="20220516 21:06:32.181"/>
</kw>
<kw name="Click Element" library="SeleniumLibrary">
<arg>${PREPAGO}</arg>
<doc>Click the element identified by ``locator``.</doc>
<msg timestamp="20220516 21:06:32.183" level="INFO">Clicking element 'css:li[id='Configura+Internet+%28Prepago%29.']'.</msg>
<status status="PASS" starttime="20220516 21:06:32.183" endtime="20220516 21:06:32.229"/>
</kw>
<kw name="Log" library="BuiltIn">
<arg>${MARCA_APPLE}</arg>
<doc>Logs the given message with the given level.</doc>
<msg timestamp="20220516 21:06:32.230" level="INFO">css:a[href='/marca/Apple']</msg>
<status status="PASS" starttime="20220516 21:06:32.229" endtime="20220516 21:06:32.230"/>
</kw>
<doc>Test1- Open antel in browser</doc>
<tag>Smoke</tag>
<status status="PASS" starttime="20220516 21:06:28.153" endtime="20220516 21:06:32.230"/>
</test>
<doc>This is test script</doc>
<status status="PASS" starttime="20220516 21:06:27.943" endtime="20220516 21:06:32.231"/>
</suite>
<status status="PASS" starttime="20220516 21:06:27.940" endtime="20220516 21:06:32.234"/>
</suite>
<status status="PASS" starttime="20220516 21:06:27.916" endtime="20220516 21:06:32.236"/>
</suite>
<statistics>
<total>
<stat pass="1" fail="0" skip="0">All Tests</stat>
</total>
<tag>
<stat pass="1" fail="0" skip="0">Smoke</stat>
</tag>
<suite>
<stat pass="1" fail="0" skip="0" id="s1" name="robotFramework">robotFramework</stat>
<stat pass="1" fail="0" skip="0" id="s1-s1" name="Test">robotFramework.Test</stat>
<stat pass="1" fail="0" skip="0" id="s1-s1-s1" name="File">robotFramework.Test.File</stat>
</suite>
</statistics>
<errors>
</errors>
</robot>
